1596067315295	mozrunner::runner	INFO	Running command: "C:\\Program Files\\Firefox Developer Edition\\firefox.exe" "-marionette" "-foreground" "-no-remote" "-profile" "C:\\Users\\guillerm\\AppData\\Local\\Temp\\rust_mozprofilefCITDO"
1596067351243	mozrunner::runner	INFO	Running command: "C:\\Program Files\\Firefox Developer Edition\\firefox.exe" "-marionette" "-foreground" "-no-remote" "-profile" "C:\\Users\\guillerm\\AppData\\Local\\Temp\\rust_mozprofilec3crB2"
console.error: SearchCache: "_readCacheFile: Error reading cache file:" (new Error("", "(unknown module)"))
JavaScript error: resource://gre/modules/XULStore.jsm, line 66: Error: Can't find profile directory.
1596067360642	Marionette	INFO	Listening on port 4072
1596067360696	Marionette	WARN	TLS certificate errors will be ignored for this session
1596067384002	Marionette	INFO	Stopped listening on port 4072

###!!! [Child][RunMessage] Error: Channel closing: too late to send/recv, messages will be lost


###!!! [Child][RunMessage] Error: Channel closing: too late to send/recv, messages will be lost


###!!! [Child][MessageChannel::SendAndWait] Error: Channel error: cannot send/recv

1596094405534	mozrunner::runner	INFO	Running command: "C:\\Program Files\\Firefox Developer Edition\\firefox.exe" "-marionette" "-foreground" "-no-remote" "-profile" "C:\\Users\\guillerm\\AppData\\Local\\Temp\\rust_mozprofileMEHb0l"
console.error: SearchCache: "_readCacheFile: Error reading cache file:" (new Error("", "(unknown module)"))
JavaScript error: resource://gre/modules/XULStore.jsm, line 66: Error: Can't find profile directory.
1596094416036	Marionette	INFO	Listening on port 2546
1596094416280	Marionette	WARN	TLS certificate errors will be ignored for this session
1596094426449	Marionette	ERROR	[43] No reply from Marionette:Register
JavaScript error: chrome://marionette/content/proxy.js, line 222: TypeError: can't access property "remove", this.browser.driver.dialogObserver is null
JavaScript error: resource://gre/modules/psm/RemoteSecuritySettings.jsm, line 805: NS_ERROR_ILLEGAL_VALUE: Component returned failure code: 0x80070057 (NS_ERROR_ILLEGAL_VALUE) [nsIXPCComponents_Utils.reportError]
JavaScript error: chrome://marionette/content/proxy.js, line 222: TypeError: can't access property "remove", this.browser.driver.dialogObserver is null
1596096733414	Marionette	INFO	Stopped listening on port 2546

###!!! [Child][RunMessage] Error: Channel closing: too late to send/recv, messages will be lost


###!!! [Child][RunMessage] Error: Channel closing: too late to send/recv, messages will be lost


###!!! [Child][MessageChannel::SendAndWait] Error: Channel error: cannot send/recv

